0 info it worked if it ends with ok
1 verbose cli [ '/usr/bin/node', '/usr/bin/npm', 'install', '-g', 'cordova' ]
2 info using npm@1.4.28
3 info using node@v0.10.33
4 verbose node symlink /usr/bin/node
5 verbose cache add [ 'cordova', null ]
6 verbose cache add name=undefined spec="cordova" args=["cordova",null]
7 verbose parsed url { protocol: null,
7 verbose parsed url   slashes: null,
7 verbose parsed url   auth: null,
7 verbose parsed url   host: null,
7 verbose parsed url   port: null,
7 verbose parsed url   hostname: null,
7 verbose parsed url   hash: null,
7 verbose parsed url   search: null,
7 verbose parsed url   query: null,
7 verbose parsed url   pathname: 'cordova',
7 verbose parsed url   path: 'cordova',
7 verbose parsed url   href: 'cordova' }
8 silly lockFile a98f2055-cordova cordova
9 verbose lock cordova /home/reimerei/.npm/a98f2055-cordova.lock
10 silly lockFile a98f2055-cordova cordova
11 silly lockFile a98f2055-cordova cordova
12 verbose addNamed [ 'cordova', '' ]
13 verbose addNamed [ null, '*' ]
14 silly lockFile de8d9fad-cordova cordova@
15 verbose lock cordova@ /home/reimerei/.npm/de8d9fad-cordova.lock
16 silly addNameRange { name: 'cordova', range: '*', hasData: false }
17 verbose request where is /cordova
18 verbose request registry https://registry.npmjs.org/
19 verbose request id eac09aa4d9ef0e43
20 verbose url raw /cordova
21 verbose url resolving [ 'https://registry.npmjs.org/', './cordova' ]
22 verbose url resolved https://registry.npmjs.org/cordova
23 verbose request where is https://registry.npmjs.org/cordova
24 info trying registry request attempt 1 at 14:41:35
25 verbose etag "94O8WDLA3RWK514X6B8UGJQJV"
26 http GET https://registry.npmjs.org/cordova
27 http 200 https://registry.npmjs.org/cordova
28 silly registry.get cb [ 200,
28 silly registry.get   { date: 'Mon, 27 Oct 2014 13:41:35 GMT',
28 silly registry.get     server: 'CouchDB/1.5.0 (Erlang OTP/R16B03)',
28 silly registry.get     etag: '"8GGA3QPFT245WQW94ACNRFZ7H"',
28 silly registry.get     'content-type': 'application/json',
28 silly registry.get     'cache-control': 'max-age=60',
28 silly registry.get     'content-length': '321096',
28 silly registry.get     'accept-ranges': 'bytes',
28 silly registry.get     via: '1.1 varnish',
28 silly registry.get     age: '41',
28 silly registry.get     'x-served-by': 'cache-fra1243-FRA',
28 silly registry.get     'x-cache': 'HIT',
28 silly registry.get     'x-cache-hits': '1',
28 silly registry.get     'x-timer': 'S1414417295.758528,VS0,VE1',
28 silly registry.get     vary: 'Accept',
28 silly registry.get     'keep-alive': 'timeout=10, max=50',
28 silly registry.get     connection: 'Keep-Alive' } ]
29 silly addNameRange number 2 { name: 'cordova', range: '*', hasData: true }
30 silly addNameRange versions [ 'cordova',
30 silly addNameRange   [ '0.0.1',
30 silly addNameRange     '0.0.2',
30 silly addNameRange     '0.0.3',
30 silly addNameRange     '0.0.4',
30 silly addNameRange     '0.0.5',
30 silly addNameRange     '0.0.6',
30 silly addNameRange     '0.0.7',
30 silly addNameRange     '0.0.8',
30 silly addNameRange     '0.0.9',
30 silly addNameRange     '0.1.0',
30 silly addNameRange     '0.1.1',
30 silly addNameRange     '0.1.2',
30 silly addNameRange     '0.1.3',
30 silly addNameRange     '0.1.4',
30 silly addNameRange     '0.1.5',
30 silly addNameRange     '0.1.6',
30 silly addNameRange     '0.1.7',
30 silly addNameRange     '0.1.8',
30 silly addNameRange     '0.1.9',
30 silly addNameRange     '0.1.10',
30 silly addNameRange     '0.1.11',
30 silly addNameRange     '0.1.12',
30 silly addNameRange     '0.1.13',
30 silly addNameRange     '0.1.14',
30 silly addNameRange     '2.2.0',
30 silly addNameRange     '2.3.0',
30 silly addNameRange     '2.3.1',
30 silly addNameRange     '2.3.2',
30 silly addNameRange     '2.3.3',
30 silly addNameRange     '2.3.5',
30 silly addNameRange     '2.3.6',
30 silly addNameRange     '2.4.0',
30 silly addNameRange     '2.4.1',
30 silly addNameRange     '2.4.2',
30 silly addNameRange     '2.4.3',
30 silly addNameRange     '2.4.4',
30 silly addNameRange     '2.4.5',
30 silly addNameRange     '2.4.6',
30 silly addNameRange     '2.4.7',
30 silly addNameRange     '2.4.8',
30 silly addNameRange     '2.4.9',
30 silly addNameRange     '2.4.10',
30 silly addNameRange     '2.5.0',
30 silly addNameRange     '2.5.2',
30 silly addNameRange     '2.5.3',
30 silly addNameRange     '2.5.4',
30 silly addNameRange     '2.5.5',
30 silly addNameRange     '2.6.0',
30 silly addNameRange     '2.6.1',
30 silly addNameRange     '2.6.2',
30 silly addNameRange     '2.7.0-rc.1',
30 silly addNameRange     '2.7.1-rc.1',
30 silly addNameRange     '2.7.2',
30 silly addNameRange     '2.7.3',
30 silly addNameRange     '2.7.4',
30 silly addNameRange     '2.8.0',
30 silly addNameRange     '2.8.1',
30 silly addNameRange     '2.8.2',
30 silly addNameRange     '2.8.3',
30 silly addNameRange     '2.8.4',
30 silly addNameRange     '2.8.5',
30 silly addNameRange     '2.8.6',
30 silly addNameRange     '2.8.7',
30 silly addNameRange     '2.8.8',
30 silly addNameRange     '2.8.9',
30 silly addNameRange     '2.8.10',
30 silly addNameRange     '2.8.11',
30 silly addNameRange     '2.8.12',
30 silly addNameRange     '2.8.13',
30 silly addNameRange     '2.8.14',
30 silly addNameRange     '2.8.15',
30 silly addNameRange     '2.8.16',
30 silly addNameRange     '2.8.17',
30 silly addNameRange     '2.8.18',
30 silly addNameRange     '2.8.19',
30 silly addNameRange     '2.8.20',
30 silly addNameRange     '2.8.21',
30 silly addNameRange     '2.8.22',
30 silly addNameRange     '2.8.23',
30 silly addNameRange     '2.8.24',
30 silly addNameRange     '2.8.25',
30 silly addNameRange     '2.9.0',
30 silly addNameRange     '2.9.1',
30 silly addNameRange     '2.9.2',
30 silly addNameRange     '2.9.3',
30 silly addNameRange     '2.9.4',
30 silly addNameRange     '2.9.5',
30 silly addNameRange     '2.9.6',
30 silly addNameRange     '2.9.7',
30 silly addNameRange     '3.0.0-rc1',
30 silly addNameRange     '3.0.0-rc1-1',
30 silly addNameRange     '3.0.0-rc1-3',
30 silly addNameRange     '3.0.0',
30 silly addNameRange     '3.0.1',
30 silly addNameRange     '3.0.2',
30 silly addNameRange     '3.0.3',
30 silly addNameRange     '3.0.4',
30 silly addNameRange     '3.0.5',
30 silly addNameRange     '3.0.6',
30 silly addNameRange     '3.0.7',
30 silly addNameRange     '3.0.8',
30 silly addNameRange     '3.0.9',
30 silly addNameRange     '3.0.10',
30 silly addNameRange     '3.1.0-0.1.0',
30 silly addNameRange     '3.1.0-0.2.0',
30 silly addNameRange     '3.2.0-rc.1',
30 silly addNameRange     '3.2.0-0.1.0',
30 silly addNameRange     '3.2.0-0.2.0',
30 silly addNameRange     '3.2.0-0.3.0',
30 silly addNameRange     '3.2.0-0.4.0',
30 silly addNameRange     '3.3.0-rc.1',
30 silly addNameRange     '3.3.0-0.1.1',
30 silly addNameRange     '3.3.1-0.1.2',
30 silly addNameRange     '2.9.0-rc1',
30 silly addNameRange     '3.3.1-0.3.0',
30 silly addNameRange     '3.3.1-0.3.1',
30 silly addNameRange     '3.3.1-0.4.1',
30 silly addNameRange     '3.3.1-0.4.2',
30 silly addNameRange     '3.4.0-0.1.0',
30 silly addNameRange     '3.4.0-0.1.1',
30 silly addNameRange     '3.4.0-0.1.2',
30 silly addNameRange     '3.4.0-0.1.3',
30 silly addNameRange     '0.0.0-fake',
30 silly addNameRange     '3.4.1-0.1.0',
30 silly addNameRange     '3.5.0-0.2.0',
30 silly addNameRange     '3.5.0-0.2.1',
30 silly addNameRange     '3.5.0-0.2.2',
30 silly addNameRange     '3.5.0-0.2.3',
30 silly addNameRange     '3.5.0-0.2.4',
30 silly addNameRange     '3.5.0-0.2.6',
30 silly addNameRange     '3.5.0-0.2.7',
30 silly addNameRange     '3.6.0-0.2.8',
30 silly addNameRange     '3.6.0-0.2.9',
30 silly addNameRange     '3.6.1-0.2.10',
30 silly addNameRange     '3.6.3-0.2.11',
30 silly addNameRange     '3.6.3-0.2.12',
30 silly addNameRange     '3.6.3-0.2.13',
30 silly addNameRange     '3.7.0',
30 silly addNameRange     '4.0.0' ] ]
31 verbose addNamed [ 'cordova', '4.0.0' ]
32 verbose addNamed [ '4.0.0', '4.0.0' ]
33 silly lockFile adfda7a6-cordova-4-0-0 cordova@4.0.0
34 verbose lock cordova@4.0.0 /home/reimerei/.npm/adfda7a6-cordova-4-0-0.lock
35 silly lockFile fbec504a-js-org-cordova-cordova-4-0-0-tgz https://registry.npmjs.org/cordova/-/cordova-4.0.0.tgz
36 verbose lock https://registry.npmjs.org/cordova/-/cordova-4.0.0.tgz /home/reimerei/.npm/fbec504a-js-org-cordova-cordova-4-0-0-tgz.lock
37 verbose addRemoteTarball [ 'https://registry.npmjs.org/cordova/-/cordova-4.0.0.tgz',
37 verbose addRemoteTarball   '9d8d139914518233fc3cb20d999eea583a99b2f1' ]
38 info retry fetch attempt 1 at 14:41:36
39 verbose fetch to= /tmp/npm-24950-GnVjcQhC/registry.npmjs.org/cordova/-/cordova-4.0.0.tgz
40 http GET https://registry.npmjs.org/cordova/-/cordova-4.0.0.tgz
41 http 200 https://registry.npmjs.org/cordova/-/cordova-4.0.0.tgz
42 silly lockFile fbec504a-js-org-cordova-cordova-4-0-0-tgz https://registry.npmjs.org/cordova/-/cordova-4.0.0.tgz
43 silly lockFile fbec504a-js-org-cordova-cordova-4-0-0-tgz https://registry.npmjs.org/cordova/-/cordova-4.0.0.tgz
44 silly lockFile adfda7a6-cordova-4-0-0 cordova@4.0.0
45 silly lockFile adfda7a6-cordova-4-0-0 cordova@4.0.0
46 silly lockFile de8d9fad-cordova cordova@
47 silly lockFile de8d9fad-cordova cordova@
48 silly resolved [ { name: 'cordova',
48 silly resolved     version: '4.0.0',
48 silly resolved     preferGlobal: 'true',
48 silly resolved     description: 'Cordova command line interface tool',
48 silly resolved     main: 'cordova',
48 silly resolved     engines: { node: '>=0.9.9' },
48 silly resolved     engineStrict: true,
48 silly resolved     bin: { cordova: './bin/cordova' },
48 silly resolved     scripts: { test: 'jasmine-node --captureExceptions --color spec' },
48 silly resolved     repository:
48 silly resolved      { type: 'git',
48 silly resolved        url: 'https://git-wip-us.apache.org/repos/asf/cordova-cli.git' },
48 silly resolved     bugs:
48 silly resolved      { url: 'https://issues.apache.org/jira/browse/CB',
48 silly resolved        email: 'dev@cordova.apache.org' },
48 silly resolved     keywords: [ 'cordova', 'client', 'cli' ],
48 silly resolved     dependencies:
48 silly resolved      { 'cordova-lib': '4.0.0',
48 silly resolved        q: '0.9.7',
48 silly resolved        nopt: '2.2.1',
48 silly resolved        underscore: '1.4.4' },
48 silly resolved     devDependencies: { 'jasmine-node': '1.14.5' },
48 silly resolved     author: { name: 'Anis Kadri' },
48 silly resolved     contributors:
48 silly resolved      [ [Object],
48 silly resolved        [Object],
48 silly resolved        [Object],
48 silly resolved        [Object],
48 silly resolved        [Object],
48 silly resolved        [Object],
48 silly resolved        [Object],
48 silly resolved        [Object],
48 silly resolved        [Object],
48 silly resolved        [Object],
48 silly resolved        [Object],
48 silly resolved        [Object],
48 silly resolved        [Object],
48 silly resolved        [Object],
48 silly resolved        [Object],
48 silly resolved        [Object],
48 silly resolved        [Object],
48 silly resolved        [Object],
48 silly resolved        [Object],
48 silly resolved        [Object],
48 silly resolved        [Object],
48 silly resolved        [Object],
48 silly resolved        [Object],
48 silly resolved        [Object] ],
48 silly resolved     license: 'Apache version 2.0',
48 silly resolved     _id: 'cordova@4.0.0',
48 silly resolved     _shasum: '9d8d139914518233fc3cb20d999eea583a99b2f1',
48 silly resolved     _resolved: 'https://registry.npmjs.org/cordova/-/cordova-4.0.0.tgz',
48 silly resolved     _from: 'cordova@',
48 silly resolved     _npmVersion: '1.4.28',
48 silly resolved     _npmUser: { name: 'stevegill', email: 'stevengill97@gmail.com' },
48 silly resolved     maintainers:
48 silly resolved      [ [Object],
48 silly resolved        [Object],
48 silly resolved        [Object],
48 silly resolved        [Object],
48 silly resolved        [Object],
48 silly resolved        [Object],
48 silly resolved        [Object],
48 silly resolved        [Object],
48 silly resolved        [Object],
48 silly resolved        [Object],
48 silly resolved        [Object],
48 silly resolved        [Object],
48 silly resolved        [Object] ],
48 silly resolved     dist:
48 silly resolved      { shasum: '9d8d139914518233fc3cb20d999eea583a99b2f1',
48 silly resolved        tarball: 'http://registry.npmjs.org/cordova/-/cordova-4.0.0.tgz' },
48 silly resolved     directories: {} } ]
49 info install cordova@4.0.0 into /usr/lib
50 info installOne cordova@4.0.0
51 verbose lib/node_modules/cordova unbuild
52 verbose tar unpack /home/reimerei/.npm/cordova/4.0.0/package.tgz
53 silly lockFile 01c5d05a-tar-usr-lib-node-modules-cordova tar:///usr/lib/node_modules/cordova
54 verbose lock tar:///usr/lib/node_modules/cordova /home/reimerei/.npm/01c5d05a-tar-usr-lib-node-modules-cordova.lock
55 silly lockFile 43657a5d-ei-npm-cordova-4-0-0-package-tgz tar:///home/reimerei/.npm/cordova/4.0.0/package.tgz
56 verbose lock tar:///home/reimerei/.npm/cordova/4.0.0/package.tgz /home/reimerei/.npm/43657a5d-ei-npm-cordova-4-0-0-package-tgz.lock
57 silly gunzTarPerm modes [ '775', '664' ]
58 error Error: EACCES, mkdir '/usr/lib/node_modules/cordova'
58 error  { [Error: EACCES, mkdir '/usr/lib/node_modules/cordova']
58 error   errno: 3,
58 error   code: 'EACCES',
58 error   path: '/usr/lib/node_modules/cordova',
58 error   fstream_type: 'Directory',
58 error   fstream_path: '/usr/lib/node_modules/cordova',
58 error   fstream_class: 'DirWriter',
58 error   fstream_stack:
58 error    [ '/usr/lib/node_modules/npm/node_modules/fstream/lib/dir-writer.js:36:23',
58 error      '/usr/lib/node_modules/npm/node_modules/mkdirp/index.js:46:53',
58 error      'Object.oncomplete (fs.js:107:15)' ] }
59 error Please try running this command again as root/Administrator.
60 error System Linux 3.13.0-37-generic
61 error command "/usr/bin/node" "/usr/bin/npm" "install" "-g" "cordova"
62 error cwd /opt/dev/cameoNetHelloWorld
63 error node -v v0.10.33
64 error npm -v 1.4.28
65 error path /usr/lib/node_modules/cordova
66 error fstream_path /usr/lib/node_modules/cordova
67 error fstream_type Directory
68 error fstream_class DirWriter
69 error code EACCES
70 error errno 3
71 error stack Error: EACCES, mkdir '/usr/lib/node_modules/cordova'
72 error fstream_stack /usr/lib/node_modules/npm/node_modules/fstream/lib/dir-writer.js:36:23
72 error fstream_stack /usr/lib/node_modules/npm/node_modules/mkdirp/index.js:46:53
72 error fstream_stack Object.oncomplete (fs.js:107:15)
73 verbose exit [ 3, true ]
