2014-10-08 16:57:34.043 cameoNetHelloWorld[38596:2220635] DiskCookieStorage changing policy from 2 to 0, cookie file: file:///Users/dermicha/Library/Developer/CoreSimulator/Devices/E1A450B6-CED9-47B9-A5BF-B2E97EB1062E/data/Containers/Data/Application/6701850B-1D60-44E8-9D88-44943E195549/Library/Cookies/Cookies.binarycookies
2014-10-08 16:57:34.105 cameoNetHelloWorld[38596:2220635] Apache Cordova native platform version 3.6.3 is starting.
2014-10-08 16:57:34.105 cameoNetHelloWorld[38596:2220635] Multi-tasking -> Device: YES, App: YES
2014-10-08 16:57:34.110 cameoNetHelloWorld[38596:2220635] Unlimited access to network resources
2014-10-08 16:57:34.112 cameoNetHelloWorld[38596:2220635] 

Started backup to iCloud! Please be careful.
Your application might be rejected by Apple if you store too much data.
For more information please read "iOS Data Storage Guidelines" at:
https://developer.apple.com/icloud/documentation/data-storage/

2014-10-08 16:57:34.304 cameoNetHelloWorld[38596:2220635] Resetting plugins due to page load.
2014-10-08 16:57:34.865 cameoNetHelloWorld[38596:2220635] Finished load of: file:///Users/dermicha/Library/Developer/CoreSimulator/Devices/E1A450B6-CED9-47B9-A5BF-B2E97EB1062E/data/Containers/Bundle/Application/F0A68A67-2698-4AD5-833A-69270BFC3058/cameoNetHelloWorld.app/www/index.html
2014-10-08 16:58:09.552 cameoNetHelloWorld[38750:2222671] DiskCookieStorage changing policy from 2 to 0, cookie file: file:///Users/dermicha/Library/Developer/CoreSimulator/Devices/E1A450B6-CED9-47B9-A5BF-B2E97EB1062E/data/Containers/Data/Application/A359444F-4A38-4713-887B-802063CCFF32/Library/Cookies/Cookies.binarycookies
2014-10-08 16:58:09.616 cameoNetHelloWorld[38750:2222671] Apache Cordova native platform version 3.6.3 is starting.
2014-10-08 16:58:09.617 cameoNetHelloWorld[38750:2222671] Multi-tasking -> Device: YES, App: YES
2014-10-08 16:58:09.622 cameoNetHelloWorld[38750:2222671] Unlimited access to network resources
2014-10-08 16:58:09.626 cameoNetHelloWorld[38750:2222671] 

Started backup to iCloud! Please be careful.
Your application might be rejected by Apple if you store too much data.
For more information please read "iOS Data Storage Guidelines" at:
https://developer.apple.com/icloud/documentation/data-storage/

2014-10-08 16:58:09.820 cameoNetHelloWorld[38750:2222671] Resetting plugins due to page load.
2014-10-08 16:58:09.868 cameoNetHelloWorld[38750:2222671] Finished load of: file:///Users/dermicha/Library/Developer/CoreSimulator/Devices/E1A450B6-CED9-47B9-A5BF-B2E97EB1062E/data/Containers/Bundle/Application/44E5E629-C279-4D2C-9E23-5FBF121F0B06/cameoNetHelloWorld.app/www/index.html
